<?xml version="1.0" encoding="UTF-8"?>
<!-- Generated by org.testng.reporters.JUnitReportReporter -->
<testsuite hostname="DESKTOP-DNLPQGU" failures="0" tests="2" name="learn.ra.petStore.Pet" time="4.455" errors="0" timestamp="2024-02-14T11:26:58 IST" skipped="0">
  <testcase classname="learn.ra.petStore.Pet" name="createPetAndCaptureIdFromResponse" time="3.323"/>
  <system-out/>
  <testcase classname="learn.ra.petStore.Pet" name="updatePet" time="1.132"/>
  <system-out/>
</testsuite> <!-- learn.ra.petStore.Pet -->
