<?xml version="1.0" encoding="UTF-8"?>
<!-- Generated by org.testng.reporters.JUnitReportReporter -->
<testsuite hostname="DESKTOP-DNLPQGU" failures="0" tests="1" name="learnRA.git.GitHubTest" time="1.681" errors="0" timestamp="2024-02-14T12:58:47 IST" skipped="0">
  <testcase classname="learnRA.git.GitHubTest" name="getRepo" time="1.681"/>
  <system-out/>
</testsuite> <!-- learnRA.git.GitHubTest -->
