<?xml version="1.0" encoding="UTF-8"?>
<!-- Generated by org.testng.reporters.JUnitReportReporter -->
<testsuite hostname="DESKTOP-DNLPQGU" failures="0" tests="2" name="learnRA.shopperStack.Address" time="4.796" errors="0" timestamp="2024-02-21T11:32:06 IST" skipped="0">
  <testcase classname="learnRA.shopperStack.Address" name="login" time="3.741"/>
  <system-out/>
  <testcase classname="learnRA.shopperStack.Address" name="addAddress" time="1.055"/>
  <system-out/>
</testsuite> <!-- learnRA.shopperStack.Address -->
