<?xml version="1.0" encoding="UTF-8"?>
<!-- Generated by org.testng.reporters.JUnitReportReporter -->
<testsuite hostname="DESKTOP-DNLPQGU" failures="0" tests="4" name="learnRA.shopperStack.WishList" time="9.081" errors="0" timestamp="2024-02-16T12:43:18 IST" skipped="0">
  <testcase classname="learnRA.shopperStack.WishList" name="login" time="3.618"/>
  <system-out/>
  <testcase classname="learnRA.shopperStack.WishList" name="getAllProducts" time="3.483"/>
  <system-out/>
  <testcase classname="learnRA.shopperStack.WishList" name="addProductToWishList" time="1.020"/>
  <system-out/>
  <testcase classname="learnRA.shopperStack.WishList" name="deleteProductWishList" time="0.960"/>
  <system-out/>
</testsuite> <!-- learnRA.shopperStack.WishList -->
