<?xml version="1.0" encoding="UTF-8"?>
<!-- Generated by org.testng.reporters.JUnitReportReporter -->
<testsuite hostname="DESKTOP-DNLPQGU" failures="0" tests="1" name="learnRA.reqres.ReqResTest" time="4.623" errors="0" timestamp="2024-02-13T08:47:24 IST" skipped="0">
  <testcase classname="learnRA.reqres.ReqResTest" name="delayedResponse" time="4.623"/>
  <system-out/>
</testsuite> <!-- learnRA.reqres.ReqResTest -->
