<?xml version="1.0" encoding="UTF-8"?>
<!-- Generated by org.testng.reporters.JUnitReportReporter -->
<testsuite hostname="DESKTOP-DNLPQGU" failures="0" tests="1" name="learnRA.reqres.UserCreationWithDiffrentPayloads" time="2.091" errors="0" timestamp="2024-02-13T11:33:32 IST" skipped="0">
  <testcase classname="learnRA.reqres.UserCreationWithDiffrentPayloads" name="createUserWithJsonObjectPayload" time="2.091"/>
  <system-out/>
</testsuite> <!-- learnRA.reqres.UserCreationWithDiffrentPayloads -->
